0 100000000 100000000 0.0000 0.0000 25 1 0 0 21387 21387 0 19.07
1 100000000 174579065 0.2542 0.0000 43 25 1 25 6019 6019 25 19.07
0 100000000 100000000 0.0000 0.0000 25 1 0 0 11468 11468 0 19.07
0 100000000 99994613 0.0001 0.0000 64 64 0 49 258594 64663 2 0.49
0 100041963 99793446 0.0012 0.0000 64 64 0 41 258597 64663 2 6.36
0 100042036 99793446 0.0012 0.0000 64 64 0 41 258600 64663 2 2.75
0 100041769 99793446 0.0012 0.0000 64 64 0 40 258598 64663 2 6.34
0 100043673 99793446 0.0012 0.0000 64 64 0 44 258599 64663 2 6.35
0 100041746 99793446 0.0021 0.0000 64 64 0 40 258589 64663 2 6.36
0 100042395 99793446 0.0021 0.0000 64 64 0 37 258598 64663 2 9.54
0 99944562 99793446 0.0011 0.0000 64 64 0 46 258588 64663 2 6.35
0 100000000 99793446 0.0017 0.0000 64 64 0 33 258600 64663 2 6.36
0 100000000 99793446 0.0016 0.0000 64 64 0 41 258593 64663 2 9.54
0 100000000 99793446 0.0017 0.0000 64 64 0 33 258608 64663 2 6.36
0 100000000 99793446 0.0016 0.0000 64 64 0 41 258603 64663 2 6.35
0 100000000 99793446 0.0016 0.0000 64 64 0 41 258597 64663 2 6.36
1 100000000 99793446 1.0000 0.0000 64 64 4 64 0 0 64 9.53
2 100000000 99793446 1.0000 0.0000 64 64 4 64 0 0 64 9.53
0 100000000 99793446 0.0016 0.0000 64 64 0 52 258595 64663 2 4.76
0 100062362 99855808 0.0017 0.0000 64 64 0 35 258609 64663 2 4.73
0 100049055 99842501 0.0016 0.0000 64 64 0 50 258293 64663 2 19.08
0 100000000 99855759 0.0010 0.0000 64 64 0 37 258420 64663 2 19.07
0 100000000 99847659 0.0011 0.0000 64 64 0 46 258284 64663 2 19.07
0 100000000 99851878 0.0011 0.0000 64 64 0 41 258359 64663 2 19.07
0 100000000 99843216 0.0011 0.0000 64 64 0 53 258392 64663 2 19.06
0 100000000 99851040 0.0011 0.0000 64 64 0 41 258349 64663 2 19.06
0 100000000 99846735 0.0011 0.0000 64 64 0 47 258375 64663 2 19.07
0 100000000 99839830 0.0011 0.0000 64 64 0 54 258428 64663 2 19.06
0 100000000 99853041 0.0010 0.0000 64 64 0 40 258393 64663 2 19.07
0 100000000 99804731 0.0012 0.0000 64 64 0 100 258257 64663 2 19.06
1 100000000 99804731 1.0000 0.0000 64 64 4 64 0 0 64 19.07
0 100000000 99801960 0.0013 0.0000 64 64 0 101 258274 64663 2 19.06
0 100000000 99804331 0.0012 0.0000 64 64 0 99 258321 64663 2 4.05
1 100000000 99804331 1.0000 0.0000 64 64 4 64 0 0 64 19.07
0 100000000 99804788 0.0012 0.0000 64 64 0 101 258548 258652 2 3.81
1 100000000 99804788 1.0000 0.0000 64 64 4 64 0 0 64 19.07
0 100000000 99910432 0.0005 0.0000 56 56 0 99 258280 257950 2 19.07
1 100000000 99910432 1.0000 0.0000 56 56 3 56 0 0 56 19.06
0 100000000 99910432 0.0005 0.0000 56 56 0 99 258315 258652 2 19.07
0 100000000 99910432 0.0005 0.0000 56 56 0 99 258270 258652 2 19.07
1 100000000 99910432 1.0000 0.0000 56 56 3 56 0 0 56 19.07
0 100000000 99910432 0.0005 0.0000 56 56 0 99 258328 258652 2 0.68
1 100000000 99910432 1.0000 0.0000 56 56 3 56 0 0 56 19.06
0 100000000 99796197 0.0013 0.0000 56 56 0 100 258239 258652 2 1.85
0 100000000 99796197 0.0013 0.0000 56 56 0 100 258239 258652 2 1.86
1 100000000 99796197 1.0000 0.0000 56 56 3 56 0 0 56 19.07
0 100000000 99796197 0.0013 0.0000 56 56 0 100 258239 258652 2 1.87
0 100000000 99796197 0.0013 0.0000 56 56 0 100 258239 258652 2 1.86
0 100000000 99910432 0.0005 0.0000 56 56 0 99 258289 258652 2 19.07
0 100000000 99796197 0.0013 0.0000 56 56 0 97 258233 258652 2 1.36
1 100000000 99796197 1.0000 0.0000 56 56 3 56 0 0 56 19.06
0 100000000 99796755 0.0013 0.0000 56 56 0 100 258123 254857 2 9.36
0 100000000 99910432 0.0005 0.0000 56 56 0 99 258254 258652 2 19.06
0 100000000 99910432 0.0005 0.0000 56 56 0 99 258321 258043 2 19.07
0 100000000 99910432 0.0005 0.0000 56 56 0 99 258267 258418 2 19.06
0 131174790 131172037 0.0000 0.0000 32 0 0 0 61456 61464 0 25.01
0 265481994 265366798 0.0004 0.0000 64 0 0 10 123622 123636 1 25.31
