This file contains any messages produced by compilers while
running configure, to aid debugging if configure makes a mistake.

It was created by Xdelta3 configure 3.1.0, which was
generated by GNU Autoconf 2.69.  Invocation command line was

  $ ./configure 

## --------- ##
## Platform. ##
## --------- ##

hostname = codespaces-2c9e32
uname -m = x86_64
uname -r = 5.4.0-1086-azure
uname -s = Linux
uname -v = #91~18.04.1-Ubuntu SMP Thu Jun 23 20:33:05 UTC 2022

/usr/bin/uname -p = x86_64
/bin/uname -X     = unknown

/bin/arch              = x86_64
/usr/bin/arch -k       = unknown
/usr/convex/getsysinfo = unknown
/usr/bin/hostinfo      = unknown
/bin/machine           = unknown
/usr/bin/oslevel       = unknown
/bin/universe          = unknown

PATH: /home/codespace/.rbenv/shims
PATH: /vscode/bin/linux-x64/6d9b74a70ca9c7733b29f0456fd8195364076dda/bin/remote-cli
PATH: /home/codespace/.local/bin
PATH: /home/codespace/.rbenv/shims
PATH: /home/codespace/.nvm/current/bin
PATH: /home/codespace/.npm-global/bin
PATH: /home/codespace/.python/current/bin
PATH: /usr/local/sbin
PATH: /usr/local/bin
PATH: /usr/sbin
PATH: /usr/bin
PATH: /sbin
PATH: /bin
PATH: /home/codespace/.dotnet
PATH: /home/codespace/.dotnet/tools
PATH: /usr/local/sdkman/bin
PATH: /usr/local/sdkman/candidates/gradle/current/bin
PATH: /usr/local/sdkman/candidates/java/current/bin
PATH: /opt/maven/lts
PATH: /usr/local/go/bin
PATH: /go/bin
PATH: /usr/local/py-utils/bin
PATH: /opt/conda/condabin
PATH: /home/codespace/.java/current/bin
PATH: /home/codespace/.nodejs/current/bin
PATH: /home/codespace/.php/current/bin
PATH: /home/codespace/.ruby/current/bin
PATH: /home/codespace/.maven/current/bin
PATH: /home/codespace/.hugo/current/bin
PATH: /home/codespace/.local/bin
PATH: /opt/oryx
PATH: /opt/nodejs/lts/bin
PATH: /opt/dotnet/lts
PATH: /opt/python/latest/bin
PATH: /opt/php/lts/bin
PATH: /opt/php-composer
PATH: /opt/yarn/stable/bin
PATH: /opt/hugo/lts
PATH: .
PATH: /opt/java/lts/bin
PATH: /opt/maven/lts/bin
PATH: /opt/ruby/lts/bin
PATH: /usr/local/rvm/bin


## ----------- ##
## Core tests. ##
## ----------- ##

configure:2605: checking build system type
configure:2619: result: x86_64-unknown-linux-gnu
configure:2639: checking host system type
configure:2652: result: x86_64-unknown-linux-gnu
configure:2693: checking how to print strings
configure:2720: result: printf
configure:2792: checking for gcc
configure:2808: found /usr/bin/gcc
configure:2819: result: gcc
configure:3048: checking for C compiler version
configure:3057: gcc --version >&5
gcc (Ubuntu 9.4.0-1ubuntu1~20.04.1) 9.4.0
Copyright (C) 2019 Free Software Foundation, Inc.
This is free software; see the source for copying conditions.  There is NO
warranty; not even for MERCHANTABILITY or FITNESS FOR A PARTICULAR PURPOSE.

configure:3068: $? = 0
configure:3057: gcc -v >&5
Using built-in specs.
COLLECT_GCC=gcc
COLLECT_LTO_WRAPPER=/usr/lib/gcc/x86_64-linux-gnu/9/lto-wrapper
OFFLOAD_TARGET_NAMES=nvptx-none:hsa
OFFLOAD_TARGET_DEFAULT=1
Target: x86_64-linux-gnu
Configured with: ../src/configure -v --with-pkgversion='Ubuntu 9.4.0-1ubuntu1~20.04.1' --with-bugurl=file:///usr/share/doc/gcc-9/README.Bugs --enable-languages=c,ada,c++,go,brig,d,fortran,objc,obj-c++,gm2 --prefix=/usr --with-gcc-major-version-only --program-suffix=-9 --program-prefix=x86_64-linux-gnu- --enable-shared --enable-linker-build-id --libexecdir=/usr/lib --without-included-gettext --enable-threads=posix --libdir=/usr/lib --enable-nls --enable-clocale=gnu --enable-libstdcxx-debug --enable-libstdcxx-time=yes --with-default-libstdcxx-abi=new --enable-gnu-unique-object --disable-vtable-verify --enable-plugin --enable-default-pie --with-system-zlib --with-target-system-zlib=auto --enable-objc-gc=auto --enable-multiarch --disable-werror --with-arch-32=i686 --with-abi=m64 --with-multilib-list=m32,m64,mx32 --enable-multilib --with-tune=generic --enable-offload-targets=nvptx-none=/build/gcc-9-Av3uEd/gcc-9-9.4.0/debian/tmp-nvptx/usr,hsa --without-cuda-driver --enable-checking=release --build=x86_64-linux-gnu --host=x86_64-linux-gnu --target=x86_64-linux-gnu
Thread model: posix
gcc version 9.4.0 (Ubuntu 9.4.0-1ubuntu1~20.04.1) 
configure:3068: $? = 0
configure:3057: gcc -V >&5
gcc: error: unrecognized command line option '-V'
gcc: fatal error: no input files
compilation terminated.
configure:3068: $? = 1
configure:3057: gcc -qversion >&5
gcc: error: unrecognized command line option '-qversion'; did you mean '--version'?
gcc: fatal error: no input files
compilation terminated.
configure:3068: $? = 1
configure:3088: checking whether the C compiler works
configure:3110: gcc    conftest.c  >&5
configure:3114: $? = 0
configure:3162: result: yes
configure:3165: checking for C compiler default output file name
configure:3167: result: a.out
configure:3173: checking for suffix of executables
configure:3180: gcc -o conftest    conftest.c  >&5
configure:3184: $? = 0
configure:3206: result: 
configure:3228: checking whether we are cross compiling
configure:3236: gcc -o conftest    conftest.c  >&5
configure:3240: $? = 0
configure:3247: ./conftest
configure:3251: $? = 0
configure:3239: result: no
configure:3244: checking for suffix of object files
configure:3266: gcc -c   conftest.c >&5
configure:3270: $? = 0
configure:3291: result: o
configure:3295: checking whether we are using the GNU C compiler
configure:3314: gcc -c   conftest.c >&5
configure:3314: $? = 0
configure:3323: result: yes
configure:3332: checking whether gcc accepts -g
configure:3352: gcc -c -g  conftest.c >&5
configure:3352: $? = 0
configure:3393: result: yes
configure:3410: checking for gcc option to accept ISO C89
configure:3473: gcc  -c -g -O2  conftest.c >&5
configure:3473: $? = 0
configure:3486: result: none needed
configure:3511: checking whether gcc understands -c and -o together
configure:3533: gcc -c conftest.c -o conftest2.o
configure:3536: $? = 0
configure:3533: gcc -c conftest.c -o conftest2.o
configure:3536: $? = 0
configure:3548: result: yes
configure:3565: checking for a sed that does not truncate output
configure:3629: result: /usr/bin/sed
configure:3647: checking for grep that handles long lines and -e
configure:3705: result: /usr/bin/grep
configure:3710: checking for egrep
configure:3772: result: /usr/bin/grep -E
configure:3777: checking for fgrep
configure:3839: result: /usr/bin/grep -F
configure:3874: checking for ld used by gcc
configure:3941: result: /usr/bin/ld
configure:3948: checking if the linker (/usr/bin/ld) is GNU ld
configure:3963: result: yes
configure:3975: checking for BSD- or MS-compatible name lister (nm)
configure:4029: result: /usr/bin/nm -B
configure:4159: checking the name lister (/usr/bin/nm -B) interface
configure:4166: gcc -c -g -O2  conftest.c >&5
configure:4169: /usr/bin/nm -B "conftest.o"
configure:4172: output
0000000000000000 B some_variable
configure:4173: result: BSD nm
configure:4176: checking whether ln -s works
configure:4180: result: yes
configure:4188: checking the maximum length of command line arguments
configure:4319: result: 1572864
configure:4367: checking how to convert x86_64-unknown-linux-gnu file names to x86_64-unknown-linux-gnu format
configure:4407: result: func_convert_file_noop
configure:4414: checking how to convert x86_64-unknown-linux-gnu file names to toolchain format
configure:4434: result: func_convert_file_noop
configure:4441: checking for /usr/bin/ld option to reload object files
configure:4448: result: -r
configure:4522: checking for objdump
configure:4538: found /usr/bin/objdump
configure:4549: result: objdump
configure:4581: checking how to recognize dependent libraries
configure:4781: result: pass_all
configure:4866: checking for dlltool
configure:4896: result: no
configure:4926: checking how to associate runtime and link libraries
configure:4953: result: printf %s\n
configure:5014: checking for ar
configure:5030: found /usr/bin/ar
configure:5041: result: ar
configure:5078: checking for archiver @FILE support
configure:5095: gcc -c -g -O2  conftest.c >&5
configure:5095: $? = 0
configure:5098: ar cru libconftest.a @conftest.lst >&5
ar: `u' modifier ignored since `D' is the default (see `U')
configure:5101: $? = 0
configure:5106: ar cru libconftest.a @conftest.lst >&5
ar: `u' modifier ignored since `D' is the default (see `U')
ar: conftest.o: No such file or directory
configure:5109: $? = 1
configure:5108: result: @
configure:5166: checking for strip
configure:5182: found /usr/bin/strip
configure:5193: result: strip
configure:5265: checking for ranlib
configure:5281: found /usr/bin/ranlib
configure:5292: result: ranlib
configure:5369: checking for gawk
configure:5385: found /usr/bin/gawk
configure:5396: result: gawk
configure:5436: checking command to parse /usr/bin/nm -B output from gcc object
configure:5589: gcc -c -g -O2  conftest.c >&5
configure:5592: $? = 0
configure:5596: /usr/bin/nm -B conftest.o \| sed -n -e 's/^.*[ ]\([ABCDGIRSTW][ABCDGIRSTW]*\)[ ][ ]*\([_A-Za-z][_A-Za-z0-9]*\)$/\1 \2 \2/p' | sed '/ __gnu_lto/d' \> conftest.nm
configure:5599: $? = 0
configure:5665: gcc -o conftest -g -O2   conftest.c conftstm.o >&5
configure:5668: $? = 0
configure:5706: result: ok
configure:5753: checking for sysroot
configure:5783: result: no
configure:5790: checking for a working dd
configure:5828: result: /usr/bin/dd
configure:5832: checking how to truncate binary pipes
configure:5847: result: /usr/bin/dd bs=4096 count=1
configure:5983: gcc -c -g -O2  conftest.c >&5
configure:5986: $? = 0
configure:6176: checking for mt
configure:6206: result: no
configure:6226: checking if : is a manifest tool
configure:6232: : '-?'
configure:6240: result: no
configure:6917: checking how to run the C preprocessor
configure:6948: gcc -E  conftest.c
configure:6948: $? = 0
configure:6962: gcc -E  conftest.c
conftest.c:9:10: fatal error: ac_nonexistent.h: No such file or directory
    9 | #include <ac_nonexistent.h>
      |          ^~~~~~~~~~~~~~~~~~
compilation terminated.
configure:6962: $? = 1
configure: failed program was:
| /* confdefs.h */
| #define PACKAGE_NAME "Xdelta3"
| #define PACKAGE_TARNAME "xdelta3"
| #define PACKAGE_VERSION "3.1.0"
| #define PACKAGE_STRING "Xdelta3 3.1.0"
| #define PACKAGE_BUGREPORT "josh.macdonald@gmail.com"
| #define PACKAGE_URL "http://xdelta.org/"
| /* end confdefs.h.  */
| #include <ac_nonexistent.h>
configure:6987: result: gcc -E
configure:7007: gcc -E  conftest.c
configure:7007: $? = 0
configure:7021: gcc -E  conftest.c
conftest.c:9:10: fatal error: ac_nonexistent.h: No such file or directory
    9 | #include <ac_nonexistent.h>
      |          ^~~~~~~~~~~~~~~~~~
compilation terminated.
configure:7021: $? = 1
configure: failed program was:
| /* confdefs.h */
| #define PACKAGE_NAME "Xdelta3"
| #define PACKAGE_TARNAME "xdelta3"
| #define PACKAGE_VERSION "3.1.0"
| #define PACKAGE_STRING "Xdelta3 3.1.0"
| #define PACKAGE_BUGREPORT "josh.macdonald@gmail.com"
| #define PACKAGE_URL "http://xdelta.org/"
| /* end confdefs.h.  */
| #include <ac_nonexistent.h>
configure:7050: checking for ANSI C header files
configure:7070: gcc -c -g -O2  conftest.c >&5
configure:7070: $? = 0
configure:7143: gcc -o conftest -g -O2   conftest.c  >&5
configure:7143: $? = 0
configure:7143: ./conftest
configure:7143: $? = 0
configure:7154: result: yes
configure:7167: checking for sys/types.h
configure:7167: gcc -c -g -O2  conftest.c >&5
configure:7167: $? = 0
configure:7167: result: yes
configure:7167: checking for sys/stat.h
configure:7167: gcc -c -g -O2  conftest.c >&5
configure:7167: $? = 0
configure:7167: result: yes
configure:7167: checking for stdlib.h
configure:7167: gcc -c -g -O2  conftest.c >&5
configure:7167: $? = 0
configure:7167: result: yes
configure:7167: checking for string.h
configure:7167: gcc -c -g -O2  conftest.c >&5
configure:7167: $? = 0
configure:7167: result: yes
configure:7167: checking for memory.h
configure:7167: gcc -c -g -O2  conftest.c >&5
configure:7167: $? = 0
configure:7167: result: yes
configure:7167: checking for strings.h
configure:7167: gcc -c -g -O2  conftest.c >&5
configure:7167: $? = 0
configure:7167: result: yes
configure:7167: checking for inttypes.h
configure:7167: gcc -c -g -O2  conftest.c >&5
configure:7167: $? = 0
configure:7167: result: yes
configure:7167: checking for stdint.h
configure:7167: gcc -c -g -O2  conftest.c >&5
configure:7167: $? = 0
configure:7167: result: yes
configure:7167: checking for unistd.h
configure:7167: gcc -c -g -O2  conftest.c >&5
configure:7167: $? = 0
configure:7167: result: yes
configure:7181: checking for dlfcn.h
configure:7181: gcc -c -g -O2  conftest.c >&5
configure:7181: $? = 0
configure:7181: result: yes
configure:7437: checking for objdir
configure:7452: result: .libs
configure:7716: checking if gcc supports -fno-rtti -fno-exceptions
configure:7734: gcc -c -g -O2  -fno-rtti -fno-exceptions conftest.c >&5
cc1: warning: command line option '-fno-rtti' is valid for C++/D/ObjC++ but not for C
configure:7738: $? = 0
configure:7751: result: no
configure:8109: checking for gcc option to produce PIC
configure:8116: result: -fPIC -DPIC
configure:8124: checking if gcc PIC flag -fPIC -DPIC works
configure:8142: gcc -c -g -O2  -fPIC -DPIC -DPIC conftest.c >&5
configure:8146: $? = 0
configure:8159: result: yes
configure:8188: checking if gcc static flag -static works
configure:8216: result: yes
configure:8231: checking if gcc supports -c -o file.o
configure:8252: gcc -c -g -O2  -o out/conftest2.o conftest.c >&5
configure:8256: $? = 0
configure:8278: result: yes
configure:8286: checking if gcc supports -c -o file.o
configure:8333: result: yes
configure:8366: checking whether the gcc linker (/usr/bin/ld -m elf_x86_64) supports shared libraries
configure:9625: result: yes
configure:9662: checking whether -lc should be explicitly linked in
configure:9670: gcc -c -g -O2  conftest.c >&5
configure:9673: $? = 0
configure:9688: gcc -shared  -fPIC -DPIC conftest.o  -v -Wl,-soname -Wl,conftest -o conftest 2\>\&1 \| /usr/bin/grep  -lc  \>/dev/null 2\>\&1
configure:9691: $? = 0
configure:9705: result: no
configure:9865: checking dynamic linker characteristics
configure:10459: gcc -o conftest -g -O2   -Wl,-rpath -Wl,/foo conftest.c  >&5
configure:10459: $? = 0
configure:10696: result: GNU/Linux ld.so
configure:10818: checking how to hardcode library paths into programs
configure:10843: result: immediate
configure:11391: checking whether stripping libraries is possible
configure:11396: result: yes
configure:11431: checking if libtool supports shared libraries
configure:11433: result: yes
configure:11436: checking whether to build shared libraries
configure:11461: result: yes
configure:11464: checking whether to build static libraries
configure:11468: result: yes
configure:8300: checking for a BSD-compatible install
configure:8368: result: /usr/bin/install -c
configure:8379: checking whether build environment is sane
configure:8434: result: yes
configure:8580: checking for a thread-safe mkdir -p
configure:8619: result: /usr/bin/mkdir -p
configure:8622: checking whether make sets $(MAKE)
configure:8644: result: yes
configure:8674: checking for style of include used by make
configure:8702: result: GNU
configure:8736: checking whether make supports nested variables
configure:8753: result: yes
configure:8833: checking whether UID '1000' is supported by ustar format
configure:8836: result: yes
configure:8843: checking whether GID '1000' is supported by ustar format
configure:8846: result: yes
configure:8854: checking how to create a ustar tar archive
configure:8865: tar --version
tar (GNU tar) 1.30
Copyright (C) 2017 Free Software Foundation, Inc.
License GPLv3+: GNU GPL version 3 or later <https://gnu.org/licenses/gpl.html>.
This is free software: you are free to change and redistribute it.
There is NO WARRANTY, to the extent permitted by law.

Written by John Gilmore and Jay Fenlason.
configure:8868: $? = 0
configure:8908: tardir=conftest.dir && eval tar --format=ustar -chf - "$tardir" >conftest.tar
configure:8911: $? = 0
configure:8915: tar -xf - <conftest.tar
configure:8918: $? = 0
configure:8920: cat conftest.dir/file
GrepMe
configure:8923: $? = 0
configure:8936: result: gnutar
configure:8945: checking dependency style of gcc
configure:9056: result: gcc3
configure:9114: checking if pointers to integers require aligned access
configure:9144: gcc -o conftest -g -O2   conftest.c  >&5
conftest.c: In function 'main':
conftest.c:29:33: error: expected expression before '[' token
   29 |   for (i=0; i < 40; i++) string[[i]] = i;
      |                                 ^
configure:9144: $? = 1
configure: program exited with status 1
configure: failed program was:
| /* confdefs.h */
| #define PACKAGE_NAME "Xdelta3"
| #define PACKAGE_TARNAME "xdelta3"
| #define PACKAGE_VERSION "3.1.0"
| #define PACKAGE_STRING "Xdelta3 3.1.0"
| #define PACKAGE_BUGREPORT "josh.macdonald@gmail.com"
| #define PACKAGE_URL "http://xdelta.org/"
| #define STDC_HEADERS 1
| #define HAVE_SYS_TYPES_H 1
| #define HAVE_SYS_STAT_H 1
| #define HAVE_STDLIB_H 1
| #define HAVE_STRING_H 1
| #define HAVE_MEMORY_H 1
| #define HAVE_STRINGS_H 1
| #define HAVE_INTTYPES_H 1
| #define HAVE_STDINT_H 1
| #define HAVE_UNISTD_H 1
| #define HAVE_DLFCN_H 1
| #define LT_OBJDIR ".libs/"
| /* end confdefs.h.  */
| 
| #include <stdio.h>
| #include <stdlib.h>
| 
| int main()
| {
|   char* string = malloc(40);
|   int i;
|   for (i=0; i < 40; i++) string[[i]] = i;
|   {
|      void* s = string;
|      int* p = s+1;
|      int* q = s+2;
| 
|      if (*p == *q) { return 1; }
|   }
|   return 0;
| }
| 
configure:9155: result: no
configure:9211: checking for gcc
configure:9238: result: gcc
configure:9467: checking for C compiler version
configure:9476: gcc --version >&5
gcc (Ubuntu 9.4.0-1ubuntu1~20.04.1) 9.4.0
Copyright (C) 2019 Free Software Foundation, Inc.
This is free software; see the source for copying conditions.  There is NO
warranty; not even for MERCHANTABILITY or FITNESS FOR A PARTICULAR PURPOSE.

configure:9487: $? = 0
configure:9476: gcc -v >&5
Using built-in specs.
COLLECT_GCC=gcc
COLLECT_LTO_WRAPPER=/usr/lib/gcc/x86_64-linux-gnu/9/lto-wrapper
OFFLOAD_TARGET_NAMES=nvptx-none:hsa
OFFLOAD_TARGET_DEFAULT=1
Target: x86_64-linux-gnu
Configured with: ../src/configure -v --with-pkgversion='Ubuntu 9.4.0-1ubuntu1~20.04.1' --with-bugurl=file:///usr/share/doc/gcc-9/README.Bugs --enable-languages=c,ada,c++,go,brig,d,fortran,objc,obj-c++,gm2 --prefix=/usr --with-gcc-major-version-only --program-suffix=-9 --program-prefix=x86_64-linux-gnu- --enable-shared --enable-linker-build-id --libexecdir=/usr/lib --without-included-gettext --enable-threads=posix --libdir=/usr/lib --enable-nls --enable-clocale=gnu --enable-libstdcxx-debug --enable-libstdcxx-time=yes --with-default-libstdcxx-abi=new --enable-gnu-unique-object --disable-vtable-verify --enable-plugin --enable-default-pie --with-system-zlib --with-target-system-zlib=auto --enable-objc-gc=auto --enable-multiarch --disable-werror --with-arch-32=i686 --with-abi=m64 --with-multilib-list=m32,m64,mx32 --enable-multilib --with-tune=generic --enable-offload-targets=nvptx-none=/build/gcc-9-Av3uEd/gcc-9-9.4.0/debian/tmp-nvptx/usr,hsa --without-cuda-driver --enable-checking=release --build=x86_64-linux-gnu --host=x86_64-linux-gnu --target=x86_64-linux-gnu
Thread model: posix
gcc version 9.4.0 (Ubuntu 9.4.0-1ubuntu1~20.04.1) 
configure:9487: $? = 0
configure:9476: gcc -V >&5
gcc: error: unrecognized command line option '-V'
gcc: fatal error: no input files
compilation terminated.
configure:9487: $? = 1
configure:9476: gcc -qversion >&5
gcc: error: unrecognized command line option '-qversion'; did you mean '--version'?
gcc: fatal error: no input files
compilation terminated.
configure:9487: $? = 1
configure:9491: checking whether we are using the GNU C compiler
configure:9519: result: yes
configure:9528: checking whether gcc accepts -g
configure:9589: result: yes
configure:9606: checking for gcc option to accept ISO C89
configure:9682: result: none needed
configure:9707: checking whether gcc understands -c and -o together
configure:9744: result: yes
configure:9819: checking for g++
configure:9835: found /usr/bin/g++
configure:9846: result: g++
configure:9873: checking for C++ compiler version
configure:9882: g++ --version >&5
g++ (Ubuntu 9.4.0-1ubuntu1~20.04.1) 9.4.0
Copyright (C) 2019 Free Software Foundation, Inc.
This is free software; see the source for copying conditions.  There is NO
warranty; not even for MERCHANTABILITY or FITNESS FOR A PARTICULAR PURPOSE.

configure:9893: $? = 0
configure:9882: g++ -v >&5
Using built-in specs.
COLLECT_GCC=g++
COLLECT_LTO_WRAPPER=/usr/lib/gcc/x86_64-linux-gnu/9/lto-wrapper
OFFLOAD_TARGET_NAMES=nvptx-none:hsa
OFFLOAD_TARGET_DEFAULT=1
Target: x86_64-linux-gnu
Configured with: ../src/configure -v --with-pkgversion='Ubuntu 9.4.0-1ubuntu1~20.04.1' --with-bugurl=file:///usr/share/doc/gcc-9/README.Bugs --enable-languages=c,ada,c++,go,brig,d,fortran,objc,obj-c++,gm2 --prefix=/usr --with-gcc-major-version-only --program-suffix=-9 --program-prefix=x86_64-linux-gnu- --enable-shared --enable-linker-build-id --libexecdir=/usr/lib --without-included-gettext --enable-threads=posix --libdir=/usr/lib --enable-nls --enable-clocale=gnu --enable-libstdcxx-debug --enable-libstdcxx-time=yes --with-default-libstdcxx-abi=new --enable-gnu-unique-object --disable-vtable-verify --enable-plugin --enable-default-pie --with-system-zlib --with-target-system-zlib=auto --enable-objc-gc=auto --enable-multiarch --disable-werror --with-arch-32=i686 --with-abi=m64 --with-multilib-list=m32,m64,mx32 --enable-multilib --with-tune=generic --enable-offload-targets=nvptx-none=/build/gcc-9-Av3uEd/gcc-9-9.4.0/debian/tmp-nvptx/usr,hsa --without-cuda-driver --enable-checking=release --build=x86_64-linux-gnu --host=x86_64-linux-gnu --target=x86_64-linux-gnu
Thread model: posix
gcc version 9.4.0 (Ubuntu 9.4.0-1ubuntu1~20.04.1) 
configure:9893: $? = 0
configure:9882: g++ -V >&5
g++: error: unrecognized command line option '-V'
g++: fatal error: no input files
compilation terminated.
configure:9893: $? = 1
configure:9882: g++ -qversion >&5
g++: error: unrecognized command line option '-qversion'; did you mean '--version'?
g++: fatal error: no input files
compilation terminated.
configure:9893: $? = 1
configure:9897: checking whether we are using the GNU C++ compiler
configure:9916: g++ -c   conftest.cpp >&5
configure:9916: $? = 0
configure:9925: result: yes
configure:9934: checking whether g++ accepts -g
configure:9954: g++ -c -g  conftest.cpp >&5
configure:9954: $? = 0
configure:9995: result: yes
configure:10036: checking how to run the C++ preprocessor
configure:10063: g++ -E  conftest.cpp
configure:10063: $? = 0
configure:10077: g++ -E  conftest.cpp
conftest.cpp:21:10: fatal error: ac_nonexistent.h: No such file or directory
   21 | #include <ac_nonexistent.h>
      |          ^~~~~~~~~~~~~~~~~~
compilation terminated.
configure:10077: $? = 1
configure: failed program was:
| /* confdefs.h */
| #define PACKAGE_NAME "Xdelta3"
| #define PACKAGE_TARNAME "xdelta3"
| #define PACKAGE_VERSION "3.1.0"
| #define PACKAGE_STRING "Xdelta3 3.1.0"
| #define PACKAGE_BUGREPORT "josh.macdonald@gmail.com"
| #define PACKAGE_URL "http://xdelta.org/"
| #define STDC_HEADERS 1
| #define HAVE_SYS_TYPES_H 1
| #define HAVE_SYS_STAT_H 1
| #define HAVE_STDLIB_H 1
| #define HAVE_STRING_H 1
| #define HAVE_MEMORY_H 1
| #define HAVE_STRINGS_H 1
| #define HAVE_INTTYPES_H 1
| #define HAVE_STDINT_H 1
| #define HAVE_UNISTD_H 1
| #define HAVE_DLFCN_H 1
| #define LT_OBJDIR ".libs/"
| /* end confdefs.h.  */
| #include <ac_nonexistent.h>
configure:10102: result: g++ -E
configure:10122: g++ -E  conftest.cpp
configure:10122: $? = 0
configure:10136: g++ -E  conftest.cpp
conftest.cpp:21:10: fatal error: ac_nonexistent.h: No such file or directory
   21 | #include <ac_nonexistent.h>
      |          ^~~~~~~~~~~~~~~~~~
compilation terminated.
configure:10136: $? = 1
configure: failed program was:
| /* confdefs.h */
| #define PACKAGE_NAME "Xdelta3"
| #define PACKAGE_TARNAME "xdelta3"
| #define PACKAGE_VERSION "3.1.0"
| #define PACKAGE_STRING "Xdelta3 3.1.0"
| #define PACKAGE_BUGREPORT "josh.macdonald@gmail.com"
| #define PACKAGE_URL "http://xdelta.org/"
| #define STDC_HEADERS 1
| #define HAVE_SYS_TYPES_H 1
| #define HAVE_SYS_STAT_H 1
| #define HAVE_STDLIB_H 1
| #define HAVE_STRING_H 1
| #define HAVE_MEMORY_H 1
| #define HAVE_STRINGS_H 1
| #define HAVE_INTTYPES_H 1
| #define HAVE_STDINT_H 1
| #define HAVE_UNISTD_H 1
| #define HAVE_DLFCN_H 1
| #define LT_OBJDIR ".libs/"
| /* end confdefs.h.  */
| #include <ac_nonexistent.h>
configure:10298: checking for ld used by g++
configure:10365: result: /usr/bin/ld -m elf_x86_64
configure:10372: checking if the linker (/usr/bin/ld -m elf_x86_64) is GNU ld
configure:10387: result: yes
configure:10442: checking whether the g++ linker (/usr/bin/ld -m elf_x86_64) supports shared libraries
configure:11515: result: yes
configure:11551: g++ -c -g -O2  conftest.cpp >&5
configure:11554: $? = 0
configure:12035: checking for g++ option to produce PIC
configure:12042: result: -fPIC -DPIC
configure:12050: checking if g++ PIC flag -fPIC -DPIC works
configure:12068: g++ -c -g -O2  -fPIC -DPIC -DPIC conftest.cpp >&5
configure:12072: $? = 0
configure:12085: result: yes
configure:12108: checking if g++ static flag -static works
configure:12136: result: yes
configure:12148: checking if g++ supports -c -o file.o
configure:12169: g++ -c -g -O2  -o out/conftest2.o conftest.cpp >&5
configure:12173: $? = 0
configure:12195: result: yes
configure:12200: checking if g++ supports -c -o file.o
configure:12247: result: yes
configure:12277: checking whether the g++ linker (/usr/bin/ld -m elf_x86_64) supports shared libraries
configure:12317: result: yes
configure:12458: checking dynamic linker characteristics
configure:13216: result: GNU/Linux ld.so
configure:13281: checking how to hardcode library paths into programs
configure:13306: result: immediate
configure:12181: checking dependency style of g++
configure:12292: result: gcc3
configure:12312: checking size of size_t
configure:12317: gcc -o conftest -g -O2   conftest.c  >&5
configure:12317: $? = 0
configure:12317: ./conftest
configure:12317: $? = 0
configure:12331: result: 8
configure:12345: checking size of unsigned int
configure:12350: gcc -o conftest -g -O2   conftest.c  >&5
configure:12350: $? = 0
configure:12350: ./conftest
configure:12350: $? = 0
configure:12364: result: 4
configure:12378: checking size of unsigned long
configure:12383: gcc -o conftest -g -O2   conftest.c  >&5
configure:12383: $? = 0
configure:12383: ./conftest
configure:12383: $? = 0
configure:12397: result: 8
configure:12411: checking size of unsigned long long
configure:12416: gcc -o conftest -g -O2   conftest.c  >&5
configure:12416: $? = 0
configure:12416: ./conftest
configure:12416: $? = 0
configure:12430: result: 8
configure:12453: checking lzma.h usability
configure:12453: gcc -c -g -O2  conftest.c >&5
configure:12453: $? = 0
configure:12453: result: yes
configure:12453: checking lzma.h presence
configure:12453: gcc -E  conftest.c
configure:12453: $? = 0
configure:12453: result: yes
configure:12453: checking for lzma.h
configure:12453: result: yes
configure:12471: checking for lzma_easy_buffer_encode in -llzma
configure:12496: gcc -o conftest -g -O2   conftest.c -llzma   >&5
configure:12496: $? = 0
configure:12505: result: yes
configure:12654: checking that generated files are newer than configure
configure:12660: result: done
configure:12691: creating ./config.status

## ---------------------- ##
## Running config.status. ##
## ---------------------- ##

This file was extended by Xdelta3 config.status 3.1.0, which was
generated by GNU Autoconf 2.69.  Invocation command line was

  CONFIG_FILES    = 
  CONFIG_HEADERS  = 
  CONFIG_LINKS    = 
  CONFIG_COMMANDS = 
  $ ./config.status 

on codespaces-2c9e32

config.status:1150: creating Makefile
config.status:1150: creating config.h
config.status:1379: executing libtool commands
config.status:1379: executing depfiles commands

## ---------------- ##
## Cache variables. ##
## ---------------- ##

ac_cv_build=x86_64-unknown-linux-gnu
ac_cv_c_compiler_gnu=yes
ac_cv_cxx_compiler_gnu=yes
ac_cv_env_CCC_set=
ac_cv_env_CCC_value=
ac_cv_env_CC_set=
ac_cv_env_CC_value=
ac_cv_env_CFLAGS_set=
ac_cv_env_CFLAGS_value=
ac_cv_env_CPPFLAGS_set=
ac_cv_env_CPPFLAGS_value=
ac_cv_env_CPP_set=
ac_cv_env_CPP_value=
ac_cv_env_CXXCPP_set=
ac_cv_env_CXXCPP_value=
ac_cv_env_CXXFLAGS_set=
ac_cv_env_CXXFLAGS_value=
ac_cv_env_CXX_set=
ac_cv_env_CXX_value=
ac_cv_env_LDFLAGS_set=
ac_cv_env_LDFLAGS_value=
ac_cv_env_LIBS_set=
ac_cv_env_LIBS_value=
ac_cv_env_LT_SYS_LIBRARY_PATH_set=
ac_cv_env_LT_SYS_LIBRARY_PATH_value=
ac_cv_env_build_alias_set=
ac_cv_env_build_alias_value=
ac_cv_env_host_alias_set=
ac_cv_env_host_alias_value=
ac_cv_env_target_alias_set=
ac_cv_env_target_alias_value=
ac_cv_header_dlfcn_h=yes
ac_cv_header_inttypes_h=yes
ac_cv_header_lzma_h=yes
ac_cv_header_memory_h=yes
ac_cv_header_stdc=yes
ac_cv_header_stdint_h=yes
ac_cv_header_stdlib_h=yes
ac_cv_header_string_h=yes
ac_cv_header_strings_h=yes
ac_cv_header_sys_stat_h=yes
ac_cv_header_sys_types_h=yes
ac_cv_header_unistd_h=yes
ac_cv_host=x86_64-unknown-linux-gnu
ac_cv_lib_lzma_lzma_easy_buffer_encode=yes
ac_cv_objext=o
ac_cv_path_EGREP='/usr/bin/grep -E'
ac_cv_path_FGREP='/usr/bin/grep -F'
ac_cv_path_GREP=/usr/bin/grep
ac_cv_path_SED=/usr/bin/sed
ac_cv_path_install='/usr/bin/install -c'
ac_cv_path_lt_DD=/usr/bin/dd
ac_cv_path_mkdir=/usr/bin/mkdir
ac_cv_prog_AWK=gawk
ac_cv_prog_CPP='gcc -E'
ac_cv_prog_CXXCPP='g++ -E'
ac_cv_prog_ac_ct_AR=ar
ac_cv_prog_ac_ct_CC=gcc
ac_cv_prog_ac_ct_CXX=g++
ac_cv_prog_ac_ct_OBJDUMP=objdump
ac_cv_prog_ac_ct_RANLIB=ranlib
ac_cv_prog_ac_ct_STRIP=strip
ac_cv_prog_cc_c89=
ac_cv_prog_cc_g=yes
ac_cv_prog_cxx_g=yes
ac_cv_prog_make_make_set=yes
ac_cv_sizeof_size_t=8
ac_cv_sizeof_unsigned_int=4
ac_cv_sizeof_unsigned_long=8
ac_cv_sizeof_unsigned_long_long=8
am_cv_CC_dependencies_compiler_type=gcc3
am_cv_CXX_dependencies_compiler_type=gcc3
am_cv_make_support_nested_variables=yes
am_cv_prog_cc_c_o=yes
am_cv_prog_tar_ustar=gnutar
ax_cv_have_aligned_access_required=no
lt_cv_ar_at_file=@
lt_cv_archive_cmds_need_lc=no
lt_cv_deplibs_check_method=pass_all
lt_cv_file_magic_cmd='$MAGIC_CMD'
lt_cv_file_magic_test_file=
lt_cv_ld_reload_flag=-r
lt_cv_nm_interface='BSD nm'
lt_cv_objdir=.libs
lt_cv_path_LD=/usr/bin/ld
lt_cv_path_LDCXX='/usr/bin/ld -m elf_x86_64'
lt_cv_path_NM='/usr/bin/nm -B'
lt_cv_path_mainfest_tool=no
lt_cv_prog_compiler_c_o=yes
lt_cv_prog_compiler_c_o_CXX=yes
lt_cv_prog_compiler_pic='-fPIC -DPIC'
lt_cv_prog_compiler_pic_CXX='-fPIC -DPIC'
lt_cv_prog_compiler_pic_works=yes
lt_cv_prog_compiler_pic_works_CXX=yes
lt_cv_prog_compiler_rtti_exceptions=no
lt_cv_prog_compiler_static_works=yes
lt_cv_prog_compiler_static_works_CXX=yes
lt_cv_prog_gnu_ld=yes
lt_cv_prog_gnu_ldcxx=yes
lt_cv_sharedlib_from_linklib_cmd='printf %s\n'
lt_cv_shlibpath_overrides_runpath=yes
lt_cv_sys_global_symbol_pipe='sed -n -e '\''s/^.*[	 ]\([ABCDGIRSTW][ABCDGIRSTW]*\)[	 ][	 ]*\([_A-Za-z][_A-Za-z0-9]*\)$/\1 \2 \2/p'\'' | sed '\''/ __gnu_lto/d'\'''
lt_cv_sys_global_symbol_to_c_name_address='sed -n -e '\''s/^: \(.*\) .*$/  {"\1", (void *) 0},/p'\'' -e '\''s/^[ABCDGIRSTW][ABCDGIRSTW]* .* \(.*\)$/  {"\1", (void *) \&\1},/p'\'''
lt_cv_sys_global_symbol_to_c_name_address_lib_prefix='sed -n -e '\''s/^: \(.*\) .*$/  {"\1", (void *) 0},/p'\'' -e '\''s/^[ABCDGIRSTW][ABCDGIRSTW]* .* \(lib.*\)$/  {"\1", (void *) \&\1},/p'\'' -e '\''s/^[ABCDGIRSTW][ABCDGIRSTW]* .* \(.*\)$/  {"lib\1", (void *) \&\1},/p'\'''
lt_cv_sys_global_symbol_to_cdecl='sed -n -e '\''s/^T .* \(.*\)$/extern int \1();/p'\'' -e '\''s/^[ABCDGIRSTW][ABCDGIRSTW]* .* \(.*\)$/extern char \1;/p'\'''
lt_cv_sys_global_symbol_to_import=
lt_cv_sys_max_cmd_len=1572864
lt_cv_to_host_file_cmd=func_convert_file_noop
lt_cv_to_tool_file_cmd=func_convert_file_noop
lt_cv_truncate_bin='/usr/bin/dd bs=4096 count=1'

## ----------------- ##
## Output variables. ##
## ----------------- ##

ACLOCAL='${SHELL} /workspaces/xdelta3-3.1.0/missing aclocal-1.14'
AMDEPBACKSLASH='\'
AMDEP_FALSE='#'
AMDEP_TRUE=''
AMTAR='$${TAR-tar}'
AM_BACKSLASH='\'
AM_DEFAULT_V='$(AM_DEFAULT_VERBOSITY)'
AM_DEFAULT_VERBOSITY='1'
AM_V='$(V)'
AR='ar'
AUTOCONF='${SHELL} /workspaces/xdelta3-3.1.0/missing autoconf'
AUTOHEADER='${SHELL} /workspaces/xdelta3-3.1.0/missing autoheader'
AUTOMAKE='${SHELL} /workspaces/xdelta3-3.1.0/missing automake-1.14'
AWK='gawk'
CC='gcc'
CCDEPMODE='depmode=gcc3'
CFLAGS='-g -O2'
CPP='gcc -E'
CPPFLAGS=''
CXX='g++'
CXXCPP='g++ -E'
CXXDEPMODE='depmode=gcc3'
CXXFLAGS='-g -O2'
CYGPATH_W='echo'
DEBUG_SYMBOLS_FALSE=''
DEBUG_SYMBOLS_TRUE='#'
DEFS='-DHAVE_CONFIG_H'
DEPDIR='.deps'
DLLTOOL='false'
DSYMUTIL=''
DUMPBIN=''
ECHO_C=''
ECHO_N='-n'
ECHO_T=''
EGREP='/usr/bin/grep -E'
EXEEXT=''
FGREP='/usr/bin/grep -F'
GREP='/usr/bin/grep'
INSTALL_DATA='${INSTALL} -m 644'
INSTALL_PROGRAM='${INSTALL}'
INSTALL_SCRIPT='${INSTALL}'
INSTALL_STRIP_PROGRAM='$(install_sh) -c -s'
LD='/usr/bin/ld -m elf_x86_64'
LDFLAGS=''
LIBOBJS=''
LIBS='-llzma '
LIBTOOL='$(SHELL) $(top_builddir)/libtool'
LIPO=''
LN_S='ln -s'
LTLIBOBJS=''
LT_SYS_LIBRARY_PATH=''
MAKEINFO='${SHELL} /workspaces/xdelta3-3.1.0/missing makeinfo'
MANIFEST_TOOL=':'
MKDIR_P='/usr/bin/mkdir -p'
NM='/usr/bin/nm -B'
NMEDIT=''
OBJDUMP='objdump'
OBJEXT='o'
OTOOL64=''
OTOOL=''
PACKAGE='xdelta3'
PACKAGE_BUGREPORT='josh.macdonald@gmail.com'
PACKAGE_NAME='Xdelta3'
PACKAGE_STRING='Xdelta3 3.1.0'
PACKAGE_TARNAME='xdelta3'
PACKAGE_URL='http://xdelta.org/'
PACKAGE_VERSION='3.1.0'
PATH_SEPARATOR=':'
RANLIB='ranlib'
SED='/usr/bin/sed'
SET_MAKE=''
SHELL='/bin/bash'
STRIP='strip'
VERSION='3.1.0'
ac_ct_AR='ar'
ac_ct_CC='gcc'
ac_ct_CXX='g++'
ac_ct_DUMPBIN=''
am__EXEEXT_FALSE=''
am__EXEEXT_TRUE='#'
am__fastdepCC_FALSE='#'
am__fastdepCC_TRUE=''
am__fastdepCXX_FALSE='#'
am__fastdepCXX_TRUE=''
am__include='include'
am__isrc=''
am__leading_dot='.'
am__nodep='_no'
am__quote=''
am__tar='tar --format=ustar -chf - "$$tardir"'
am__untar='tar -xf -'
bindir='${exec_prefix}/bin'
build='x86_64-unknown-linux-gnu'
build_alias=''
build_cpu='x86_64'
build_os='linux-gnu'
build_vendor='unknown'
datadir='${datarootdir}'
datarootdir='${prefix}/share'
docdir='${datarootdir}/doc/${PACKAGE_TARNAME}'
dvidir='${docdir}'
exec_prefix='${prefix}'
host='x86_64-unknown-linux-gnu'
host_alias=''
host_cpu='x86_64'
host_os='linux-gnu'
host_vendor='unknown'
htmldir='${docdir}'
includedir='${prefix}/include'
infodir='${datarootdir}/info'
install_sh='${SHELL} /workspaces/xdelta3-3.1.0/install-sh'
libdir='${exec_prefix}/lib'
libexecdir='${exec_prefix}/libexec'
localedir='${datarootdir}/locale'
localstatedir='${prefix}/var'
mandir='${datarootdir}/man'
mkdir_p='$(MKDIR_P)'
oldincludedir='/usr/include'
pdfdir='${docdir}'
prefix='/usr/local'
program_transform_name='s,x,x,'
psdir='${docdir}'
runstatedir='${localstatedir}/run'
sbindir='${exec_prefix}/sbin'
sharedstatedir='${prefix}/com'
sysconfdir='${prefix}/etc'
target_alias=''

## ----------- ##
## confdefs.h. ##
## ----------- ##

/* confdefs.h */
#define PACKAGE_NAME "Xdelta3"
#define PACKAGE_TARNAME "xdelta3"
#define PACKAGE_VERSION "3.1.0"
#define PACKAGE_STRING "Xdelta3 3.1.0"
#define PACKAGE_BUGREPORT "josh.macdonald@gmail.com"
#define PACKAGE_URL "http://xdelta.org/"
#define STDC_HEADERS 1
#define HAVE_SYS_TYPES_H 1
#define HAVE_SYS_STAT_H 1
#define HAVE_STDLIB_H 1
#define HAVE_STRING_H 1
#define HAVE_MEMORY_H 1
#define HAVE_STRINGS_H 1
#define HAVE_INTTYPES_H 1
#define HAVE_STDINT_H 1
#define HAVE_UNISTD_H 1
#define HAVE_DLFCN_H 1
#define LT_OBJDIR ".libs/"
#define SIZEOF_SIZE_T 8
#define SIZEOF_UNSIGNED_INT 4
#define SIZEOF_UNSIGNED_LONG 8
#define SIZEOF_UNSIGNED_LONG_LONG 8
#define HAVE_LZMA_H 1
#define HAVE_LIBLZMA 1

configure: exit 0
